This file contains any messages produced by compilers while
running configure, to aid debugging if configure makes a mistake.

It was created by bsp configure 5.2, which was
generated by GNU Autoconf 2.59.  Invocation command line was

  $ ./configure 

## --------- ##
## Platform. ##
## --------- ##

hostname = raspberrypi
uname -m = armv6l
uname -r = 3.2.27+
uname -s = Linux
uname -v = #250 PREEMPT Thu Oct 18 19:03:02 BST 2012

/usr/bin/uname -p = unknown
/bin/uname -X     = unknown

/bin/arch              = unknown
/usr/bin/arch -k       = unknown
/usr/convex/getsysinfo = unknown
hostinfo               = unknown
/bin/machine           = unknown
/usr/bin/oslevel       = unknown
/bin/universe          = unknown

PATH: /usr/lib/arm-linux-gnueabihf/libfm
PATH: /usr/local/sbin
PATH: /usr/local/bin
PATH: /usr/sbin
PATH: /usr/bin
PATH: /sbin
PATH: /bin
PATH: /usr/local/games
PATH: /usr/games


## ----------- ##
## Core tests. ##
## ----------- ##

configure:1359: checking for a BSD-compatible install
configure:1414: result: /usr/bin/install -c
configure:1425: checking whether build environment is sane
configure:1468: result: yes
configure:1533: checking for gawk
configure:1562: result: no
configure:1533: checking for mawk
configure:1549: found /usr/bin/mawk
configure:1559: result: mawk
configure:1569: checking whether make sets $(MAKE)
configure:1589: result: yes
configure:1757: checking whether to enable maintainer-specific portions of Makefiles
configure:1766: result: no
configure:1799: checking for style of include used by make
configure:1827: result: GNU
configure:1898: checking for gcc
configure:1914: found /usr/bin/gcc
configure:1924: result: gcc
configure:2168: checking for C compiler version
configure:2171: gcc --version </dev/null >&5
gcc (Debian 4.6.3-12+rpi1) 4.6.3
Copyright (C) 2011 Free Software Foundation, Inc.
This is free software; see the source for copying conditions.  There is NO
warranty; not even for MERCHANTABILITY or FITNESS FOR A PARTICULAR PURPOSE.

configure:2174: $? = 0
configure:2176: gcc -v </dev/null >&5
Using built-in specs.
COLLECT_GCC=gcc
COLLECT_LTO_WRAPPER=/usr/lib/gcc/arm-linux-gnueabihf/4.6/lto-wrapper
Target: arm-linux-gnueabihf
Configured with: ../src/configure -v --with-pkgversion='Debian 4.6.3-12+rpi1' --with-bugurl=file:///usr/share/doc/gcc-4.6/README.Bugs --enable-languages=c,c++,fortran,objc,obj-c++ --prefix=/usr --program-suffix=-4.6 --enable-shared --enable-linker-build-id --with-system-zlib --libexecdir=/usr/lib --without-included-gettext --enable-threads=posix --with-gxx-include-dir=/usr/include/c++/4.6 --libdir=/usr/lib --enable-nls --with-sysroot=/ --enable-clocale=gnu --enable-libstdcxx-debug --enable-libstdcxx-time=yes --enable-gnu-unique-object --enable-plugin --enable-objc-gc --disable-sjlj-exceptions --with-arch=armv6 --with-fpu=vfp --with-float=hard --enable-checking=release --build=arm-linux-gnueabihf --host=arm-linux-gnueabihf --target=arm-linux-gnueabihf
Thread model: posix
gcc version 4.6.3 (Debian 4.6.3-12+rpi1) 
configure:2179: $? = 0
configure:2181: gcc -V </dev/null >&5
gcc: error: unrecognized option '-V'
gcc: fatal error: no input files
compilation terminated.
configure:2184: $? = 4
configure:2207: checking for C compiler default output file name
configure:2210: gcc -O2 -fomit-frame-pointer   conftest.c  >&5
configure:2213: $? = 0
configure:2259: result: a.out
configure:2264: checking whether the C compiler works
configure:2270: ./a.out
configure:2273: $? = 0
configure:2290: result: yes
configure:2297: checking whether we are cross compiling
configure:2299: result: no
configure:2302: checking for suffix of executables
configure:2304: gcc -o conftest -O2 -fomit-frame-pointer   conftest.c  >&5
configure:2307: $? = 0
configure:2332: result: 
configure:2338: checking for suffix of object files
configure:2359: gcc -c -O2 -fomit-frame-pointer  conftest.c >&5
configure:2362: $? = 0
configure:2384: result: o
configure:2388: checking whether we are using the GNU C compiler
configure:2412: gcc -c -O2 -fomit-frame-pointer  conftest.c >&5
configure:2418: $? = 0
configure:2421: test -z 			 || test ! -s conftest.err
configure:2424: $? = 0
configure:2427: test -s conftest.o
configure:2430: $? = 0
configure:2443: result: yes
configure:2449: checking whether gcc accepts -g
configure:2470: gcc -c -g  conftest.c >&5
configure:2476: $? = 0
configure:2479: test -z 			 || test ! -s conftest.err
configure:2482: $? = 0
configure:2485: test -s conftest.o
configure:2488: $? = 0
configure:2499: result: yes
configure:2516: checking for gcc option to accept ANSI C
configure:2586: gcc  -c -O2 -fomit-frame-pointer  conftest.c >&5
configure:2592: $? = 0
configure:2595: test -z 			 || test ! -s conftest.err
configure:2598: $? = 0
configure:2601: test -s conftest.o
configure:2604: $? = 0
configure:2622: result: none needed
configure:2640: gcc -c -O2 -fomit-frame-pointer  conftest.c >&5
conftest.c:2:3: error: unknown type name 'choke'
conftest.c:2:3: error: expected '=', ',', ';', 'asm' or '__attribute__' at end of input
configure:2646: $? = 1
configure: failed program was:
| #ifndef __cplusplus
|   choke me
| #endif
configure:2778: checking dependency style of gcc
configure:2868: result: gcc3
configure:2890: checking whether compiler supports -Wall
configure:2911: gcc -c -O2 -fomit-frame-pointer -Wall  conftest.c >&5
configure:2917: $? = 0
configure:2920: test -z 			 || test ! -s conftest.err
configure:2923: $? = 0
configure:2926: test -s conftest.o
configure:2929: $? = 0
configure:2933: result: yes
configure:2890: checking whether compiler supports -Wextra
configure:2911: gcc -c -O2 -fomit-frame-pointer -Wall -Wextra  conftest.c >&5
configure:2917: $? = 0
configure:2920: test -z 			 || test ! -s conftest.err
configure:2923: $? = 0
configure:2926: test -s conftest.o
configure:2929: $? = 0
configure:2933: result: yes
configure:2890: checking whether compiler supports -ffast-math
configure:2911: gcc -c -O2 -fomit-frame-pointer -Wall -Wextra -ffast-math  conftest.c >&5
configure:2917: $? = 0
configure:2920: test -z 			 || test ! -s conftest.err
configure:2923: $? = 0
configure:2926: test -s conftest.o
configure:2929: $? = 0
configure:2933: result: yes
configure:2890: checking whether compiler supports -pipe
configure:2911: gcc -c -O2 -fomit-frame-pointer -Wall -Wextra -ffast-math -pipe  conftest.c >&5
configure:2917: $? = 0
configure:2920: test -z 			 || test ! -s conftest.err
configure:2923: $? = 0
configure:2926: test -s conftest.o
configure:2929: $? = 0
configure:2933: result: yes
configure:2890: checking whether compiler supports -march=native
configure:2911: gcc -c -O2 -fomit-frame-pointer -Wall -Wextra -ffast-math -pipe -march=native  conftest.c >&5
Assembler messages:
Error: unknown architecture `native'

Error: unrecognized option -march=native
cc1: error: bad value (native) for -march switch
configure:2917: $? = 1
configure: failed program was:
| /* confdefs.h.  */
| 
| #define PACKAGE_NAME "bsp"
| #define PACKAGE_TARNAME "bsp"
| #define PACKAGE_VERSION "5.2"
| #define PACKAGE_STRING "bsp 5.2"
| #define PACKAGE_BUGREPORT ""
| #define PACKAGE "bsp"
| #define VERSION "5.2"
| /* end confdefs.h.  */
| 
| int
| main ()
| {
| 
|   void f() {};
| 
|   ;
|   return 0;
| }
configure:2940: result: no
configure:2890: checking whether compiler supports -Winline
configure:2911: gcc -c -O2 -fomit-frame-pointer -Wall -Wextra -ffast-math -pipe -Winline  conftest.c >&5
configure:2917: $? = 0
configure:2920: test -z 			 || test ! -s conftest.err
configure:2923: $? = 0
configure:2926: test -s conftest.o
configure:2929: $? = 0
configure:2933: result: yes
configure:2890: checking whether compiler supports -Wwrite-strings
configure:2911: gcc -c -O2 -fomit-frame-pointer -Wall -Wextra -ffast-math -pipe -Winline -Wwrite-strings  conftest.c >&5
configure:2917: $? = 0
configure:2920: test -z 			 || test ! -s conftest.err
configure:2923: $? = 0
configure:2926: test -s conftest.o
configure:2929: $? = 0
configure:2933: result: yes
configure:2890: checking whether compiler supports -Wundef
configure:2911: gcc -c -O2 -fomit-frame-pointer -Wall -Wextra -ffast-math -pipe -Winline -Wwrite-strings -Wundef  conftest.c >&5
configure:2917: $? = 0
configure:2920: test -z 			 || test ! -s conftest.err
configure:2923: $? = 0
configure:2926: test -s conftest.o
configure:2929: $? = 0
configure:2933: result: yes
configure:2890: checking whether compiler supports -Wbad-function-cast
configure:2911: gcc -c -O2 -fomit-frame-pointer -Wall -Wextra -ffast-math -pipe -Winline -Wwrite-strings -Wundef -Wbad-function-cast  conftest.c >&5
configure:2917: $? = 0
configure:2920: test -z 			 || test ! -s conftest.err
configure:2923: $? = 0
configure:2926: test -s conftest.o
configure:2929: $? = 0
configure:2933: result: yes
configure:2890: checking whether compiler supports -Wcast-align
configure:2911: gcc -c -O2 -fomit-frame-pointer -Wall -Wextra -ffast-math -pipe -Winline -Wwrite-strings -Wundef -Wbad-function-cast -Wcast-align  conftest.c >&5
configure:2917: $? = 0
configure:2920: test -z 			 || test ! -s conftest.err
configure:2923: $? = 0
configure:2926: test -s conftest.o
configure:2929: $? = 0
configure:2933: result: yes
configure:2890: checking whether compiler supports -Wcast-qual
configure:2911: gcc -c -O2 -fomit-frame-pointer -Wall -Wextra -ffast-math -pipe -Winline -Wwrite-strings -Wundef -Wbad-function-cast -Wcast-align -Wcast-qual  conftest.c >&5
configure:2917: $? = 0
configure:2920: test -z 			 || test ! -s conftest.err
configure:2923: $? = 0
configure:2926: test -s conftest.o
configure:2929: $? = 0
configure:2933: result: yes
configure:2890: checking whether compiler supports -Wdeclaration-after-statement
configure:2911: gcc -c -O2 -fomit-frame-pointer -Wall -Wextra -ffast-math -pipe -Winline -Wwrite-strings -Wundef -Wbad-function-cast -Wcast-align -Wcast-qual -Wdeclaration-after-statement  conftest.c >&5
configure:2917: $? = 0
configure:2920: test -z 			 || test ! -s conftest.err
configure:2923: $? = 0
configure:2926: test -s conftest.o
configure:2929: $? = 0
configure:2933: result: yes
configure:3067: checking for gcc
configure:3093: result: gcc
configure:3337: checking for C compiler version
configure:3340: gcc --version </dev/null >&5
gcc (Debian 4.6.3-12+rpi1) 4.6.3
Copyright (C) 2011 Free Software Foundation, Inc.
This is free software; see the source for copying conditions.  There is NO
warranty; not even for MERCHANTABILITY or FITNESS FOR A PARTICULAR PURPOSE.

configure:3343: $? = 0
configure:3345: gcc -v </dev/null >&5
Using built-in specs.
COLLECT_GCC=gcc
COLLECT_LTO_WRAPPER=/usr/lib/gcc/arm-linux-gnueabihf/4.6/lto-wrapper
Target: arm-linux-gnueabihf
Configured with: ../src/configure -v --with-pkgversion='Debian 4.6.3-12+rpi1' --with-bugurl=file:///usr/share/doc/gcc-4.6/README.Bugs --enable-languages=c,c++,fortran,objc,obj-c++ --prefix=/usr --program-suffix=-4.6 --enable-shared --enable-linker-build-id --with-system-zlib --libexecdir=/usr/lib --without-included-gettext --enable-threads=posix --with-gxx-include-dir=/usr/include/c++/4.6 --libdir=/usr/lib --enable-nls --with-sysroot=/ --enable-clocale=gnu --enable-libstdcxx-debug --enable-libstdcxx-time=yes --enable-gnu-unique-object --enable-plugin --enable-objc-gc --disable-sjlj-exceptions --with-arch=armv6 --with-fpu=vfp --with-float=hard --enable-checking=release --build=arm-linux-gnueabihf --host=arm-linux-gnueabihf --target=arm-linux-gnueabihf
Thread model: posix
gcc version 4.6.3 (Debian 4.6.3-12+rpi1) 
configure:3348: $? = 0
configure:3350: gcc -V </dev/null >&5
gcc: error: unrecognized option '-V'
gcc: fatal error: no input files
compilation terminated.
configure:3353: $? = 4
configure:3356: checking whether we are using the GNU C compiler
configure:3411: result: yes
configure:3417: checking whether gcc accepts -g
configure:3467: result: yes
configure:3484: checking for gcc option to accept ANSI C
configure:3590: result: none needed
configure:3608: gcc -c -O2 -fomit-frame-pointer -Wall -Wextra -ffast-math -pipe -Winline -Wwrite-strings -Wundef -Wbad-function-cast -Wcast-align -Wcast-qual -Wdeclaration-after-statement  conftest.c >&5
conftest.c:2:3: error: unknown type name 'choke'
conftest.c:2:3: error: expected '=', ',', ';', 'asm' or '__attribute__' at end of input
configure:3614: $? = 1
configure: failed program was:
| #ifndef __cplusplus
|   choke me
| #endif
configure:3746: checking dependency style of gcc
configure:3836: result: gcc3
configure:3853: checking for inline
configure:3874: gcc -c -O2 -fomit-frame-pointer -Wall -Wextra -ffast-math -pipe -Winline -Wwrite-strings -Wundef -Wbad-function-cast -Wcast-align -Wcast-qual -Wdeclaration-after-statement  conftest.c >&5
configure:3880: $? = 0
configure:3883: test -z 			 || test ! -s conftest.err
configure:3886: $? = 0
configure:3889: test -s conftest.o
configure:3892: $? = 0
configure:3904: result: inline
configure:3923: checking whether byte ordering is bigendian
configure:3950: gcc -c -O2 -fomit-frame-pointer -Wall -Wextra -ffast-math -pipe -Winline -Wwrite-strings -Wundef -Wbad-function-cast -Wcast-align -Wcast-qual -Wdeclaration-after-statement  conftest.c >&5
configure:3956: $? = 0
configure:3959: test -z 			 || test ! -s conftest.err
configure:3962: $? = 0
configure:3965: test -s conftest.o
configure:3968: $? = 0
configure:3992: gcc -c -O2 -fomit-frame-pointer -Wall -Wextra -ffast-math -pipe -Winline -Wwrite-strings -Wundef -Wbad-function-cast -Wcast-align -Wcast-qual -Wdeclaration-after-statement  conftest.c >&5
conftest.c: In function 'main':
conftest.c:18:2: error: unknown type name 'not'
conftest.c:18:10: error: expected '=', ',', ';', 'asm' or '__attribute__' before 'endian'
configure:3998: $? = 1
configure: failed program was:
| /* confdefs.h.  */
| 
| #define PACKAGE_NAME "bsp"
| #define PACKAGE_TARNAME "bsp"
| #define PACKAGE_VERSION "5.2"
| #define PACKAGE_STRING "bsp 5.2"
| #define PACKAGE_BUGREPORT ""
| #define PACKAGE "bsp"
| #define VERSION "5.2"
| /* end confdefs.h.  */
| #include <sys/types.h>
| #include <sys/param.h>
| 
| int
| main ()
| {
| #if BYTE_ORDER != BIG_ENDIAN
|  not big endian
| #endif
| 
|   ;
|   return 0;
| }
configure:4131: result: no
configure:4150: checking whether make sets $(MAKE)
configure:4170: result: yes
configure:4181: checking for sqrt in -lm
configure:4211: gcc -o conftest -O2 -fomit-frame-pointer -Wall -Wextra -ffast-math -pipe -Winline -Wwrite-strings -Wundef -Wbad-function-cast -Wcast-align -Wcast-qual -Wdeclaration-after-statement   conftest.c -lm   >&5
conftest.c:18:6: warning: conflicting types for built-in function 'sqrt' [enabled by default]
configure:4217: $? = 0
configure:4220: test -z 			 || test ! -s conftest.err
configure:4223: $? = 0
configure:4226: test -s conftest
configure:4229: $? = 0
configure:4242: result: yes
configure:4254: checking if malloc debugging is wanted
configure:4275: result: no
configure:4285: checking how to run the C preprocessor
configure:4320: gcc -E  conftest.c
configure:4326: $? = 0
configure:4358: gcc -E  conftest.c
conftest.c:12:28: fatal error: ac_nonexistent.h: No such file or directory
compilation terminated.
configure:4364: $? = 1
configure: failed program was:
| /* confdefs.h.  */
| 
| #define PACKAGE_NAME "bsp"
| #define PACKAGE_TARNAME "bsp"
| #define PACKAGE_VERSION "5.2"
| #define PACKAGE_STRING "bsp 5.2"
| #define PACKAGE_BUGREPORT ""
| #define PACKAGE "bsp"
| #define VERSION "5.2"
| #define HAVE_LIBM 1
| /* end confdefs.h.  */
| #include <ac_nonexistent.h>
configure:4403: result: gcc -E
configure:4427: gcc -E  conftest.c
configure:4433: $? = 0
configure:4465: gcc -E  conftest.c
conftest.c:12:28: fatal error: ac_nonexistent.h: No such file or directory
compilation terminated.
configure:4471: $? = 1
configure: failed program was:
| /* confdefs.h.  */
| 
| #define PACKAGE_NAME "bsp"
| #define PACKAGE_TARNAME "bsp"
| #define PACKAGE_VERSION "5.2"
| #define PACKAGE_STRING "bsp 5.2"
| #define PACKAGE_BUGREPORT ""
| #define PACKAGE "bsp"
| #define VERSION "5.2"
| #define HAVE_LIBM 1
| /* end confdefs.h.  */
| #include <ac_nonexistent.h>
configure:4515: checking for egrep
configure:4525: result: grep -E
configure:4530: checking for ANSI C header files
configure:4555: gcc -c -O2 -fomit-frame-pointer -Wall -Wextra -ffast-math -pipe -Winline -Wwrite-strings -Wundef -Wbad-function-cast -Wcast-align -Wcast-qual -Wdeclaration-after-statement  conftest.c >&5
configure:4561: $? = 0
configure:4564: test -z 			 || test ! -s conftest.err
configure:4567: $? = 0
configure:4570: test -s conftest.o
configure:4573: $? = 0
configure:4662: gcc -o conftest -O2 -fomit-frame-pointer -Wall -Wextra -ffast-math -pipe -Winline -Wwrite-strings -Wundef -Wbad-function-cast -Wcast-align -Wcast-qual -Wdeclaration-after-statement   conftest.c -lm  >&5
conftest.c: In function 'main':
conftest.c:29:7: warning: implicit declaration of function 'exit' [-Wimplicit-function-declaration]
conftest.c:29:7: warning: incompatible implicit declaration of built-in function 'exit' [enabled by default]
configure:4665: $? = 0
configure:4667: ./conftest
configure:4670: $? = 0
configure:4685: result: yes
configure:4709: checking for sys/types.h
configure:4725: gcc -c -O2 -fomit-frame-pointer -Wall -Wextra -ffast-math -pipe -Winline -Wwrite-strings -Wundef -Wbad-function-cast -Wcast-align -Wcast-qual -Wdeclaration-after-statement  conftest.c >&5
conftest.c:14:5: warning: "HAVE_SYS_TYPES_H" is not defined [-Wundef]
conftest.c:17:5: warning: "HAVE_SYS_STAT_H" is not defined [-Wundef]
conftest.c:28:5: warning: "HAVE_STRING_H" is not defined [-Wundef]
conftest.c:34:5: warning: "HAVE_STRINGS_H" is not defined [-Wundef]
conftest.c:37:5: warning: "HAVE_INTTYPES_H" is not defined [-Wundef]
conftest.c:40:6: warning: "HAVE_STDINT_H" is not defined [-Wundef]
conftest.c:44:5: warning: "HAVE_UNISTD_H" is not defined [-Wundef]
configure:4731: $? = 0
configure:4734: test -z 			 || test ! -s conftest.err
configure:4737: $? = 0
configure:4740: test -s conftest.o
configure:4743: $? = 0
configure:4754: result: yes
configure:4709: checking for sys/stat.h
configure:4725: gcc -c -O2 -fomit-frame-pointer -Wall -Wextra -ffast-math -pipe -Winline -Wwrite-strings -Wundef -Wbad-function-cast -Wcast-align -Wcast-qual -Wdeclaration-after-statement  conftest.c >&5
conftest.c:18:5: warning: "HAVE_SYS_STAT_H" is not defined [-Wundef]
conftest.c:29:5: warning: "HAVE_STRING_H" is not defined [-Wundef]
conftest.c:35:5: warning: "HAVE_STRINGS_H" is not defined [-Wundef]
conftest.c:38:5: warning: "HAVE_INTTYPES_H" is not defined [-Wundef]
conftest.c:41:6: warning: "HAVE_STDINT_H" is not defined [-Wundef]
conftest.c:45:5: warning: "HAVE_UNISTD_H" is not defined [-Wundef]
configure:4731: $? = 0
configure:4734: test -z 			 || test ! -s conftest.err
configure:4737: $? = 0
configure:4740: test -s conftest.o
configure:4743: $? = 0
configure:4754: result: yes
configure:4709: checking for stdlib.h
configure:4725: gcc -c -O2 -fomit-frame-pointer -Wall -Wextra -ffast-math -pipe -Winline -Wwrite-strings -Wundef -Wbad-function-cast -Wcast-align -Wcast-qual -Wdeclaration-after-statement  conftest.c >&5
conftest.c:30:5: warning: "HAVE_STRING_H" is not defined [-Wundef]
conftest.c:36:5: warning: "HAVE_STRINGS_H" is not defined [-Wundef]
conftest.c:39:5: warning: "HAVE_INTTYPES_H" is not defined [-Wundef]
conftest.c:42:6: warning: "HAVE_STDINT_H" is not defined [-Wundef]
conftest.c:46:5: warning: "HAVE_UNISTD_H" is not defined [-Wundef]
configure:4731: $? = 0
configure:4734: test -z 			 || test ! -s conftest.err
configure:4737: $? = 0
configure:4740: test -s conftest.o
configure:4743: $? = 0
configure:4754: result: yes
configure:4709: checking for string.h
configure:4725: gcc -c -O2 -fomit-frame-pointer -Wall -Wextra -ffast-math -pipe -Winline -Wwrite-strings -Wundef -Wbad-function-cast -Wcast-align -Wcast-qual -Wdeclaration-after-statement  conftest.c >&5
conftest.c:31:5: warning: "HAVE_STRING_H" is not defined [-Wundef]
conftest.c:37:5: warning: "HAVE_STRINGS_H" is not defined [-Wundef]
conftest.c:40:5: warning: "HAVE_INTTYPES_H" is not defined [-Wundef]
conftest.c:43:6: warning: "HAVE_STDINT_H" is not defined [-Wundef]
conftest.c:47:5: warning: "HAVE_UNISTD_H" is not defined [-Wundef]
configure:4731: $? = 0
configure:4734: test -z 			 || test ! -s conftest.err
configure:4737: $? = 0
configure:4740: test -s conftest.o
configure:4743: $? = 0
configure:4754: result: yes
configure:4709: checking for memory.h
configure:4725: gcc -c -O2 -fomit-frame-pointer -Wall -Wextra -ffast-math -pipe -Winline -Wwrite-strings -Wundef -Wbad-function-cast -Wcast-align -Wcast-qual -Wdeclaration-after-statement  conftest.c >&5
conftest.c:38:5: warning: "HAVE_STRINGS_H" is not defined [-Wundef]
conftest.c:41:5: warning: "HAVE_INTTYPES_H" is not defined [-Wundef]
conftest.c:44:6: warning: "HAVE_STDINT_H" is not defined [-Wundef]
conftest.c:48:5: warning: "HAVE_UNISTD_H" is not defined [-Wundef]
configure:4731: $? = 0
configure:4734: test -z 			 || test ! -s conftest.err
configure:4737: $? = 0
configure:4740: test -s conftest.o
configure:4743: $? = 0
configure:4754: result: yes
configure:4709: checking for strings.h
configure:4725: gcc -c -O2 -fomit-frame-pointer -Wall -Wextra -ffast-math -pipe -Winline -Wwrite-strings -Wundef -Wbad-function-cast -Wcast-align -Wcast-qual -Wdeclaration-after-statement  conftest.c >&5
conftest.c:39:5: warning: "HAVE_STRINGS_H" is not defined [-Wundef]
conftest.c:42:5: warning: "HAVE_INTTYPES_H" is not defined [-Wundef]
conftest.c:45:6: warning: "HAVE_STDINT_H" is not defined [-Wundef]
conftest.c:49:5: warning: "HAVE_UNISTD_H" is not defined [-Wundef]
configure:4731: $? = 0
configure:4734: test -z 			 || test ! -s conftest.err
configure:4737: $? = 0
configure:4740: test -s conftest.o
configure:4743: $? = 0
configure:4754: result: yes
configure:4709: checking for inttypes.h
configure:4725: gcc -c -O2 -fomit-frame-pointer -Wall -Wextra -ffast-math -pipe -Winline -Wwrite-strings -Wundef -Wbad-function-cast -Wcast-align -Wcast-qual -Wdeclaration-after-statement  conftest.c >&5
conftest.c:43:5: warning: "HAVE_INTTYPES_H" is not defined [-Wundef]
conftest.c:46:6: warning: "HAVE_STDINT_H" is not defined [-Wundef]
conftest.c:50:5: warning: "HAVE_UNISTD_H" is not defined [-Wundef]
configure:4731: $? = 0
configure:4734: test -z 			 || test ! -s conftest.err
configure:4737: $? = 0
configure:4740: test -s conftest.o
configure:4743: $? = 0
configure:4754: result: yes
configure:4709: checking for stdint.h
configure:4725: gcc -c -O2 -fomit-frame-pointer -Wall -Wextra -ffast-math -pipe -Winline -Wwrite-strings -Wundef -Wbad-function-cast -Wcast-align -Wcast-qual -Wdeclaration-after-statement  conftest.c >&5
conftest.c:51:5: warning: "HAVE_UNISTD_H" is not defined [-Wundef]
configure:4731: $? = 0
configure:4734: test -z 			 || test ! -s conftest.err
configure:4737: $? = 0
configure:4740: test -s conftest.o
configure:4743: $? = 0
configure:4754: result: yes
configure:4709: checking for unistd.h
configure:4725: gcc -c -O2 -fomit-frame-pointer -Wall -Wextra -ffast-math -pipe -Winline -Wwrite-strings -Wundef -Wbad-function-cast -Wcast-align -Wcast-qual -Wdeclaration-after-statement  conftest.c >&5
conftest.c:52:5: warning: "HAVE_UNISTD_H" is not defined [-Wundef]
configure:4731: $? = 0
configure:4734: test -z 			 || test ! -s conftest.err
configure:4737: $? = 0
configure:4740: test -s conftest.o
configure:4743: $? = 0
configure:4754: result: yes
configure:4771: checking for unistd.h
configure:4776: result: yes
configure:4916: checking for an ANSI C-conforming const
configure:4983: gcc -c -O2 -fomit-frame-pointer -Wall -Wextra -ffast-math -pipe -Winline -Wwrite-strings -Wundef -Wbad-function-cast -Wcast-align -Wcast-qual -Wdeclaration-after-statement  conftest.c >&5
conftest.c: In function 'main':
conftest.c:46:7: warning: cast discards '__attribute__((const))' qualifier from pointer target type [-Wcast-qual]
conftest.c:50:17: warning: unused variable 's' [-Wunused-variable]
conftest.c:70:15: warning: unused variable 'foo' [-Wunused-variable]
conftest.c:37:29: warning: unused variable 'zero' [-Wunused-variable]
conftest.c:31:17: warning: unused variable 'x' [-Wunused-variable]
conftest.c:52:10: warning: 't' is used uninitialized in this function [-Wuninitialized]
conftest.c:67:23: warning: 'b' is used uninitialized in this function [-Wuninitialized]
configure:4989: $? = 0
configure:4992: test -z 			 || test ! -s conftest.err
configure:4995: $? = 0
configure:4998: test -s conftest.o
configure:5001: $? = 0
configure:5012: result: yes
configure:5022: checking for size_t
configure:5046: gcc -c -O2 -fomit-frame-pointer -Wall -Wextra -ffast-math -pipe -Winline -Wwrite-strings -Wundef -Wbad-function-cast -Wcast-align -Wcast-qual -Wdeclaration-after-statement  conftest.c >&5
configure:5052: $? = 0
configure:5055: test -z 			 || test ! -s conftest.err
configure:5058: $? = 0
configure:5061: test -s conftest.o
configure:5064: $? = 0
configure:5075: result: yes
configure:5092: checking for vprintf
configure:5149: gcc -o conftest -O2 -fomit-frame-pointer -Wall -Wextra -ffast-math -pipe -Winline -Wwrite-strings -Wundef -Wbad-function-cast -Wcast-align -Wcast-qual -Wdeclaration-after-statement   conftest.c -lm  >&5
conftest.c:47:6: warning: conflicting types for built-in function 'vprintf' [enabled by default]
configure:5155: $? = 0
configure:5158: test -z 			 || test ! -s conftest.err
configure:5161: $? = 0
configure:5164: test -s conftest
configure:5167: $? = 0
configure:5179: result: yes
configure:5186: checking for _doprnt
configure:5243: gcc -o conftest -O2 -fomit-frame-pointer -Wall -Wextra -ffast-math -pipe -Winline -Wwrite-strings -Wundef -Wbad-function-cast -Wcast-align -Wcast-qual -Wdeclaration-after-statement   conftest.c -lm  >&5
/tmp/ccwUTnge.o:(.data+0x0): undefined reference to `_doprnt'
/tmp/ccwUTnge.o: In function `main':
conftest.c:(.text.startup+0x1c): undefined reference to `_doprnt'
collect2: ld returned 1 exit status
configure:5249: $? = 1
configure: failed program was:
| /* confdefs.h.  */
| 
| #define PACKAGE_NAME "bsp"
| #define PACKAGE_TARNAME "bsp"
| #define PACKAGE_VERSION "5.2"
| #define PACKAGE_STRING "bsp 5.2"
| #define PACKAGE_BUGREPORT ""
| #define PACKAGE "bsp"
| #define VERSION "5.2"
| #define HAVE_LIBM 1
| #define STDC_HEADERS 1
| #define HAVE_SYS_TYPES_H 1
| #define HAVE_SYS_STAT_H 1
| #define HAVE_STDLIB_H 1
| #define HAVE_STRING_H 1
| #define HAVE_MEMORY_H 1
| #define HAVE_STRINGS_H 1
| #define HAVE_INTTYPES_H 1
| #define HAVE_STDINT_H 1
| #define HAVE_UNISTD_H 1
| #define HAVE_UNISTD_H 1
| #define HAVE_VPRINTF 1
| /* end confdefs.h.  */
| /* Define _doprnt to an innocuous variant, in case <limits.h> declares _doprnt.
|    For example, HP-UX 11i <limits.h> declares gettimeofday.  */
| #define _doprnt innocuous__doprnt
| 
| /* System header to define __stub macros and hopefully few prototypes,
|     which can conflict with char _doprnt (); below.
|     Prefer <limits.h> to <assert.h> if __STDC__ is defined, since
|     <limits.h> exists even on freestanding compilers.  */
| 
| #ifdef __STDC__
| # include <limits.h>
| #else
| # include <assert.h>
| #endif
| 
| #undef _doprnt
| 
| /* Override any gcc2 internal prototype to avoid an error.  */
| #ifdef __cplusplus
| extern "C"
| {
| #endif
| /* We use char because int might match the return type of a gcc2
|    builtin and then its argument prototype would still apply.  */
| char _doprnt ();
| /* The GNU C library defines this for functions which it implements
|     to always fail with ENOSYS.  Some functions are actually named
|     something starting with __ and the normal name is an alias.  */
| #if defined (__stub__doprnt) || defined (__stub____doprnt)
| choke me
| #else
| char (*f) () = _doprnt;
| #endif
| #ifdef __cplusplus
| }
| #endif
| 
| int
| main ()
| {
| return f != _doprnt;
|   ;
|   return 0;
| }
configure:5273: result: no
configure:5293: checking for isatty
configure:5350: gcc -o conftest -O2 -fomit-frame-pointer -Wall -Wextra -ffast-math -pipe -Winline -Wwrite-strings -Wundef -Wbad-function-cast -Wcast-align -Wcast-qual -Wdeclaration-after-statement   conftest.c -lm  >&5
configure:5356: $? = 0
configure:5359: test -z 			 || test ! -s conftest.err
configure:5362: $? = 0
configure:5365: test -s conftest
configure:5368: $? = 0
configure:5380: result: yes
configure:5293: checking for unlink
configure:5350: gcc -o conftest -O2 -fomit-frame-pointer -Wall -Wextra -ffast-math -pipe -Winline -Wwrite-strings -Wundef -Wbad-function-cast -Wcast-align -Wcast-qual -Wdeclaration-after-statement   conftest.c -lm  >&5
configure:5356: $? = 0
configure:5359: test -z 			 || test ! -s conftest.err
configure:5362: $? = 0
configure:5365: test -s conftest
configure:5368: $? = 0
configure:5380: result: yes
configure:5293: checking for tmpfile
configure:5350: gcc -o conftest -O2 -fomit-frame-pointer -Wall -Wextra -ffast-math -pipe -Winline -Wwrite-strings -Wundef -Wbad-function-cast -Wcast-align -Wcast-qual -Wdeclaration-after-statement   conftest.c -lm  >&5
configure:5356: $? = 0
configure:5359: test -z 			 || test ! -s conftest.err
configure:5362: $? = 0
configure:5365: test -s conftest
configure:5368: $? = 0
configure:5380: result: yes
configure:5515: creating ./config.status

## ---------------------- ##
## Running config.status. ##
## ---------------------- ##

This file was extended by bsp config.status 5.2, which was
generated by GNU Autoconf 2.59.  Invocation command line was

  CONFIG_FILES    = 
  CONFIG_HEADERS  = 
  CONFIG_LINKS    = 
  CONFIG_COMMANDS = 
  $ ./config.status 

on raspberrypi

config.status:734: creating Makefile
config.status:734: creating test-wads/Makefile
config.status:734: creating DOS/Makefile
config.status:734: creating Win32/Makefile
config.status:800: creating config.h
config.status:1096: executing depfiles commands

## ---------------- ##
## Cache variables. ##
## ---------------- ##

ac_cv_c_bigendian=no
ac_cv_c_compiler_gnu=yes
ac_cv_c_const=yes
ac_cv_c_inline=inline
ac_cv_env_CC_set=
ac_cv_env_CC_value=
ac_cv_env_CFLAGS_set=
ac_cv_env_CFLAGS_value=
ac_cv_env_CPPFLAGS_set=
ac_cv_env_CPPFLAGS_value=
ac_cv_env_CPP_set=
ac_cv_env_CPP_value=
ac_cv_env_LDFLAGS_set=
ac_cv_env_LDFLAGS_value=
ac_cv_env_build_alias_set=
ac_cv_env_build_alias_value=
ac_cv_env_host_alias_set=
ac_cv_env_host_alias_value=
ac_cv_env_target_alias_set=
ac_cv_env_target_alias_value=
ac_cv_exeext=
ac_cv_func__doprnt=no
ac_cv_func_isatty=yes
ac_cv_func_tmpfile=yes
ac_cv_func_unlink=yes
ac_cv_func_vprintf=yes
ac_cv_header_inttypes_h=yes
ac_cv_header_memory_h=yes
ac_cv_header_stdc=yes
ac_cv_header_stdint_h=yes
ac_cv_header_stdlib_h=yes
ac_cv_header_string_h=yes
ac_cv_header_strings_h=yes
ac_cv_header_sys_stat_h=yes
ac_cv_header_sys_types_h=yes
ac_cv_header_unistd_h=yes
ac_cv_lib_m_sqrt=yes
ac_cv_objext=o
ac_cv_path_install='/usr/bin/install -c'
ac_cv_prog_AWK=mawk
ac_cv_prog_CPP='gcc -E'
ac_cv_prog_ac_ct_CC=gcc
ac_cv_prog_cc_g=yes
ac_cv_prog_cc_stdc=
ac_cv_prog_egrep='grep -E'
ac_cv_prog_make_make_set=yes
ac_cv_type_size_t=yes
am_cv_CC_dependencies_compiler_type=gcc3

## ----------------- ##
## Output variables. ##
## ----------------- ##

ACLOCAL='${SHELL} /home/pi/bsp-5.2/missing --run aclocal-1.9'
AMDEPBACKSLASH='\'
AMDEP_FALSE='#'
AMDEP_TRUE=''
AMTAR='${SHELL} /home/pi/bsp-5.2/missing --run tar'
AUTOCONF='${SHELL} /home/pi/bsp-5.2/missing --run autoconf'
AUTOHEADER='${SHELL} /home/pi/bsp-5.2/missing --run autoheader'
AUTOMAKE='${SHELL} /home/pi/bsp-5.2/missing --run automake-1.9'
AWK='mawk'
CC='gcc'
CCDEPMODE='depmode=gcc3'
CFLAGS='-O2 -fomit-frame-pointer -Wall -Wextra -ffast-math -pipe -Winline -Wwrite-strings -Wundef -Wbad-function-cast -Wcast-align -Wcast-qual -Wdeclaration-after-statement'
CPP='gcc -E'
CPPFLAGS=''
CYGPATH_W='echo'
DEFS='-DHAVE_CONFIG_H'
DEPDIR='.deps'
ECHO_C=''
ECHO_N='-n'
ECHO_T=''
EGREP='grep -E'
EXEEXT=''
INSTALL_DATA='${INSTALL} -m 644'
INSTALL_PROGRAM='${INSTALL}'
INSTALL_SCRIPT='${INSTALL}'
INSTALL_STRIP_PROGRAM='${SHELL} $(install_sh) -c -s'
LDFLAGS=''
LIBOBJS=''
LIBS='-lm '
LTLIBOBJS=''
MAINT='#'
MAINTAINER_MODE_FALSE=''
MAINTAINER_MODE_TRUE='#'
MAKEINFO='${SHELL} /home/pi/bsp-5.2/missing --run makeinfo'
OBJEXT='o'
PACKAGE='bsp'
PACKAGE_BUGREPORT=''
PACKAGE_NAME='bsp'
PACKAGE_STRING='bsp 5.2'
PACKAGE_TARNAME='bsp'
PACKAGE_VERSION='5.2'
PATH_SEPARATOR=':'
SET_MAKE=''
SHELL='/bin/bash'
STRIP=''
VERSION='5.2'
ac_ct_CC='gcc'
ac_ct_STRIP=''
am__fastdepCC_FALSE='#'
am__fastdepCC_TRUE=''
am__include='include'
am__leading_dot='.'
am__quote=''
am__tar='${AMTAR} chof - "$$tardir"'
am__untar='${AMTAR} xf -'
bindir='${exec_prefix}/bin'
build_alias=''
datadir='${prefix}/share'
exec_prefix='${prefix}'
host_alias=''
includedir='${prefix}/include'
infodir='${prefix}/info'
install_sh='/home/pi/bsp-5.2/install-sh'
libdir='${exec_prefix}/lib'
libexecdir='${exec_prefix}/libexec'
localstatedir='${prefix}/var'
mandir='${prefix}/man'
mkdir_p='mkdir -p --'
oldincludedir='/usr/include'
prefix='/usr/local'
program_transform_name='s,x,x,'
sbindir='${exec_prefix}/sbin'
sharedstatedir='${prefix}/com'
sysconfdir='${prefix}/etc'
target_alias=''

## ----------- ##
## confdefs.h. ##
## ----------- ##

#define HAVE_INTTYPES_H 1
#define HAVE_ISATTY 1
#define HAVE_LIBM 1
#define HAVE_MEMORY_H 1
#define HAVE_STDINT_H 1
#define HAVE_STDLIB_H 1
#define HAVE_STRINGS_H 1
#define HAVE_STRING_H 1
#define HAVE_SYS_STAT_H 1
#define HAVE_SYS_TYPES_H 1
#define HAVE_TMPFILE 1
#define HAVE_UNISTD_H 1
#define HAVE_UNISTD_H 1
#define HAVE_UNLINK 1
#define HAVE_VPRINTF 1
#define PACKAGE "bsp"
#define PACKAGE_BUGREPORT ""
#define PACKAGE_NAME "bsp"
#define PACKAGE_STRING "bsp 5.2"
#define PACKAGE_TARNAME "bsp"
#define PACKAGE_VERSION "5.2"
#define STDC_HEADERS 1
#define VERSION "5.2"

configure: exit 0
